<?xml version="1.0" encoding="UTF-8"?>

<beans xmlns="http://www.springframework.org/schema/beans" 
        xmlns:xsi="http://www.w3.org/2001/XMLSchema-instance" 
        xsi:schemaLocation="http://www.springframework.org/schema/beans 
        http://www.springframework.org/schema/beans/spring-beans-2.5.xsd"> 

    <!-- the test application context definition for the jdbc based tests --> 

    <bean id="productDao" class="springapp.repository.JdbcProductDao">
        <property name="dataSource" ref="dataSource" />
    </bean>
    
    <bean id="dataSource" class="org.apache.commons.dbcp.BasicDataSource"
		destroy-method="close">
		<property name="driverClassName" value="org.postgresql.Driver" />
		<property name="url" value="jdbc:postgresql://127.0.0.1:5433/springmvc" />
		<property name="username" value="postgres" />
		<property name="password" value="root" />
	</bean>	
	   
    <bean id="transactionManager" 
          class="org.springframework.jdbc.datasource.DataSourceTransactionManager">
        <property name="dataSource" ref="dataSource" />
    </bean>

</beans>